#
# There is insufficient memory for the Java Runtime Environment to continue.
# Native memory allocation (malloc) failed to allocate 72480 bytes for Chunk::new
# Possible reasons:
#   The system is out of physical RAM or swap space
#   The process is running with CompressedOops enabled, and the Java Heap may be blocking the growth of the native heap
# Possible solutions:
#   Reduce memory load on the system
#   Increase physical memory or swap space
#   Check if swap backing store is full
#   Decrease Java heap size (-Xmx/-Xms)
#   Decrease number of Java threads
#   Decrease Java thread stack sizes (-Xss)
#   Set larger code cache with -XX:ReservedCodeCacheSize=
#   JVM is running with Unscaled Compressed Oops mode in which the Java heap is
#     placed in the first 4GB address space. The Java Heap base address is the
#     maximum limit for the native heap growth. Please use -XX:HeapBaseMinAddress
#     to set the Java Heap base and to place the Java Heap above 4GB virtual address.
# This output file may be truncated or incomplete.
#
#  Out of Memory Error (allocation.cpp:389), pid=4116, tid=0x0000000000002df4
#
# JRE version: OpenJDK Runtime Environment (8.0_242-b01) (build 1.8.0_242-release-1644-b01)
# Java VM: OpenJDK 64-Bit Server VM (25.242-b01 mixed mode windows-amd64 compressed oops)
# Failed to write core dump. Minidumps are not enabled by default on client versions of Windows
#

---------------  T H R E A D  ---------------

Current thread (0x00000000196c9000):  JavaThread "C2 CompilerThread1" daemon [_thread_in_native, id=11764, stack(0x0000000019dc0000,0x0000000019ec0000)]

Stack: [0x0000000019dc0000,0x0000000019ec0000]
[error occurred during error reporting (printing stack bounds), id 0xc0000005]

Native frames: (J=compiled Java code, j=interpreted, Vv=VM code, C=native code)


Current CompileTask:
C2:3555942 14784       4       com.android.tools.r8.B.a.a.f::f (45 bytes)


---------------  P R O C E S S  ---------------

Java Threads: ( => current thread )
  0x000000001dfc0000 JavaThread "WorkerExecutor Queue Thread 5" [_thread_blocked, id=7380, stack(0x000000002b4e0000,0x000000002b5e0000)]
  0x000000001dfba000 JavaThread "WorkerExecutor Queue Thread 4" [_thread_blocked, id=756, stack(0x000000002b3e0000,0x000000002b4e0000)]
  0x000000001dfbe800 JavaThread "WorkerExecutor Queue Thread 3" [_thread_in_vm, id=14520, stack(0x000000002b2e0000,0x000000002b3e0000)]
  0x000000001dfbb800 JavaThread "Cache worker for Java compile cache (C:\Users\wangyahui\Desktop\SystemMessage\.gradle\6.1.1\javaCompile)" [_thread_blocked, id=14712, stack(0x000000002b1e0000,0x000000002b2e0000)]
  0x000000001e307800 JavaThread "Cache worker for Java compile cache (C:\Users\wangyahui\.gradle\caches\6.1.1\javaCompile)" [_thread_blocked, id=7784, stack(0x000000002b0e0000,0x000000002b1e0000)]
  0x000000001e307000 JavaThread "stdout" [_thread_in_native, id=2740, stack(0x000000002afe0000,0x000000002b0e0000)]
  0x000000001e304000 JavaThread "stderr" [_thread_in_native, id=1716, stack(0x000000002aee0000,0x000000002afe0000)]
  0x000000001e301800 JavaThread "pool-6-thread-1" [_thread_blocked, id=2092, stack(0x000000002ade0000,0x000000002aee0000)]
  0x000000001e308800 JavaThread "WorkerExecutor Queue Thread 2" [_thread_blocked, id=14868, stack(0x000000002ace0000,0x000000002ade0000)]
  0x000000001e304800 JavaThread "WorkerExecutor Queue" [_thread_in_Java, id=7700, stack(0x000000002abe0000,0x000000002ace0000)]
  0x000000001e306000 JavaThread "Cache worker for execution history cache (C:\Users\wangyahui\Desktop\SystemMessage\.gradle\6.1.1\executionHistory)" [_thread_blocked, id=3144, stack(0x000000002aae0000,0x000000002abe0000)]
  0x000000001e2fb800 JavaThread "Execution worker for ':' Thread 3" [_thread_blocked, id=11040, stack(0x000000002a9e0000,0x000000002aae0000)]
  0x000000001e301000 JavaThread "Execution worker for ':' Thread 2" [_thread_blocked, id=10612, stack(0x000000002a8e0000,0x000000002a9e0000)]
  0x000000001e2fe000 JavaThread "Execution worker for ':'" [_thread_blocked, id=3856, stack(0x000000002a7e0000,0x000000002a8e0000)]
  0x000000001ef43000 JavaThread "Cache worker for file content cache (C:\Users\wangyahui\Desktop\SystemMessage\.gradle\6.1.1\fileContent)" [_thread_blocked, id=2336, stack(0x000000002a6e0000,0x000000002a7e0000)]
  0x000000001ef41800 JavaThread "Cache worker for Build Output Cleanup Cache (C:\Users\wangyahui\Desktop\SystemMessage\.gradle\buildOutputCleanup)" [_thread_blocked, id=7532, stack(0x000000002a5e0000,0x000000002a6e0000)]
  0x000000001ef43800 JavaThread "Build operations Thread 4" [_thread_blocked, id=9600, stack(0x000000002a4e0000,0x000000002a5e0000)]
  0x000000001ef42000 JavaThread "Build operations Thread 3" [_thread_blocked, id=10700, stack(0x000000002a3e0000,0x000000002a4e0000)]
  0x000000001ef3a000 JavaThread "Build operations Thread 2" [_thread_blocked, id=12652, stack(0x000000002a2e0000,0x000000002a3e0000)]
  0x000000001ef40800 JavaThread "Build operations" [_thread_blocked, id=7648, stack(0x000000002a1e0000,0x000000002a2e0000)]
  0x000000001ef39000 JavaThread "Cache worker for cache directory md-rule (C:\Users\wangyahui\.gradle\caches\6.1.1\md-rule)" [_thread_blocked, id=7188, stack(0x000000002a0e0000,0x000000002a1e0000)]
  0x000000001ef3a800 JavaThread "Cache worker for cache directory md-supplier (C:\Users\wangyahui\.gradle\caches\6.1.1\md-supplier)" [_thread_blocked, id=11060, stack(0x0000000029fe0000,0x000000002a0e0000)]
  0x000000001ef40000 JavaThread "Cache worker for file hash cache (C:\Users\wangyahui\Desktop\SystemMessage\.gradle\6.1.1\fileHashes)" [_thread_blocked, id=13168, stack(0x0000000029ee0000,0x0000000029fe0000)]
  0x000000001ef3d800 JavaThread "Cache worker for checksums cache (C:\Users\wangyahui\Desktop\SystemMessage\.gradle\checksums)" [_thread_blocked, id=10144, stack(0x0000000029de0000,0x0000000029ee0000)]
  0x000000001ef38800 JavaThread "Thread-54" [_thread_blocked, id=14276, stack(0x0000000029ce0000,0x0000000029de0000)]
  0x000000001ef3f000 JavaThread "Stdin handler" [_thread_blocked, id=2620, stack(0x0000000029be0000,0x0000000029ce0000)]
  0x000000001ef3e800 JavaThread "Asynchronous log dispatcher for DefaultDaemonConnection: socket connection from /127.0.0.1:61531 to /127.0.0.1:57838" [_thread_blocked, id=15268, stack(0x0000000029ae0000,0x0000000029be0000)]
  0x000000001ef36000 JavaThread "Cancel handler" [_thread_blocked, id=2836, stack(0x00000000299e0000,0x0000000029ae0000)]
  0x000000001ef37000 JavaThread "Handler for socket connection from /127.0.0.1:61531 to /127.0.0.1:57838" [_thread_in_native, id=8664, stack(0x00000000298e0000,0x00000000299e0000)]
  0x000000001ef35800 JavaThread "MarlinRenderer Disposer" daemon [_thread_blocked, id=4532, stack(0x0000000028ce0000,0x0000000028de0000)]
  0x000000001ef34800 JavaThread "Java2D Disposer" daemon [_thread_blocked, id=15068, stack(0x0000000028be0000,0x0000000028ce0000)]
  0x000000001dfbf000 JavaThread "Cache worker for file content cache (C:\Users\wangyahui\.gradle\caches\6.1.1\fileContent)" [_thread_blocked, id=15352, stack(0x0000000027fe0000,0x00000000280e0000)]
  0x000000001dfbd800 JavaThread "Memory manager" [_thread_blocked, id=10920, stack(0x0000000027ee0000,0x0000000027fe0000)]
  0x000000001e300000 JavaThread "Daemon worker Thread 2" [_thread_blocked, id=13008, stack(0x00000000271e0000,0x00000000272e0000)]
  0x000000001e2fb000 JavaThread "Daemon Thread 2" [_thread_blocked, id=14628, stack(0x0000000025e30000,0x0000000025f30000)]
  0x00000000198d5000 JavaThread "Cache worker for execution history cache (C:\Users\wangyahui\.gradle\caches\6.1.1\executionHistory)" [_thread_blocked, id=12368, stack(0x0000000021f40000,0x0000000022040000)]
  0x00000000198d3000 JavaThread "Cache worker for file hash cache (C:\Users\wangyahui\.gradle\caches\6.1.1\fileHashes)" [_thread_blocked, id=10944, stack(0x000000001dd10000,0x000000001de10000)]
  0x00000000198d2000 JavaThread "File lock request listener" [_thread_in_native, id=5324, stack(0x000000001db10000,0x000000001dc10000)]
  0x0000000019801800 JavaThread "Cache worker for journal cache (C:\Users\wangyahui\.gradle\caches\journal-1)" [_thread_blocked, id=13708, stack(0x000000001da10000,0x000000001db10000)]
  0x000000001acb9800 JavaThread "Daemon periodic checks" [_thread_blocked, id=8660, stack(0x000000001ce10000,0x000000001cf10000)]
  0x000000001ba09000 JavaThread "Incoming local TCP Connector on port 61531" [_thread_in_native, id=4524, stack(0x000000001cc60000,0x000000001cd60000)]
  0x000000001ba5a800 JavaThread "Daemon health stats" [_thread_blocked, id=3080, stack(0x000000001cb60000,0x000000001cc60000)]
  0x0000000019738000 JavaThread "Service Thread" daemon [_thread_blocked, id=6320, stack(0x0000000019fc0000,0x000000001a0c0000)]
  0x00000000196cc000 JavaThread "C1 CompilerThread2" daemon [_thread_in_vm, id=8624, stack(0x0000000019ec0000,0x0000000019fc0000)]
=>0x00000000196c9000 JavaThread "C2 CompilerThread1" daemon [_thread_in_native, id=11764, stack(0x0000000019dc0000,0x0000000019ec0000)]
  0x00000000183ba000 JavaThread "C2 CompilerThread0" daemon [_thread_blocked, id=14020, stack(0x0000000019cc0000,0x0000000019dc0000)]
  0x000000001836f800 JavaThread "Attach Listener" daemon [_thread_blocked, id=8956, stack(0x0000000019bc0000,0x0000000019cc0000)]
  0x00000000196c8800 JavaThread "Signal Dispatcher" daemon [_thread_blocked, id=2296, stack(0x0000000019ac0000,0x0000000019bc0000)]
  0x000000000373c000 JavaThread "Finalizer" daemon [_thread_blocked, id=5416, stack(0x00000000195c0000,0x00000000196c0000)]
  0x0000000003733000 JavaThread "Reference Handler" daemon [_thread_blocked, id=10988, stack(0x00000000194c0000,0x00000000195c0000)]
  0x000000000363d800 JavaThread "main" [_thread_blocked, id=9240, stack(0x0000000003480000,0x0000000003580000)]

Other Threads:
  0x0000000018326800 VMThread [stack: 0x00000000193c0000,0x00000000194c0000] [id=10248]
  0x0000000019739800 WatcherThread [stack: 0x000000001a0c0000,0x000000001a1c0000] [id=8680]

VM state:not at safepoint (normal execution)

VM Mutex/Monitor currently owned by a thread: None

OutOfMemory and StackOverflow Exception counts:
OutOfMemoryError java_heap_errors=1

heap address: 0x0000000080000000, size: 2048 MB, Compressed Oops mode: 32-bit
Narrow klass base: 0x0000000000000000, Narrow klass shift: 3
Compressed class space size: 1073741824 Address: 0x0000000100000000

Heap:
 PSYoungGen      total 465920K, used 39917K [0x00000000d5580000, 0x00000000f3980000, 0x0000000100000000)
  eden space 438272K, 9% used [0x00000000d5580000,0x00000000d7c7b438,0x00000000f0180000)
  from space 27648K, 0% used [0x00000000f0380000,0x00000000f0380000,0x00000000f1e80000)
  to   space 13824K, 0% used [0x00000000f2c00000,0x00000000f2c00000,0x00000000f3980000)
 ParOldGen       total 141312K, used 51712K [0x0000000080000000, 0x0000000088a00000, 0x00000000d5580000)
  object space 141312K, 36% used [0x0000000080000000,0x0000000083280388,0x0000000088a00000)
 Metaspace       used 94889K, capacity 98844K, committed 99624K, reserved 1136640K
  class space    used 12492K, capacity 13305K, committed 13480K, reserved 1048576K

Card table byte_map: [0x0000000012b00000,0x0000000012f10000] byte_map_base: 0x0000000012700000

Marking Bits: (ParMarkBitMap*) 0x000000005c7ff030
 Begin Bits: [0x00000000135c0000, 0x00000000155c0000)
 End Bits:   [0x00000000155c0000, 0x00000000175c0000)

Polling page: 0x0000000003080000

CodeCache: size=245760Kb used=40758Kb max_used=40758Kb free=205001Kb
 bounds [0x0000000003740000, 0x0000000005f40000, 0x0000000012740000]
 total_blobs=13697 nmethods=12702 adapters=905
 compilation: enabled

Compilation events (10 events):
Event: 3554.359 Thread 0x00000000196cc000 nmethod 14792 0x0000000005f26410 code [0x0000000005f26580, 0x0000000005f26768]
Event: 3554.359 Thread 0x00000000196cc000 14797       3       com.android.tools.r8.u.a.i.f::a (2 bytes)
Event: 3554.359 Thread 0x00000000196cc000 nmethod 14797 0x0000000005f26810 code [0x0000000005f26960, 0x0000000005f26ab0]
Event: 3554.359 Thread 0x00000000196cc000 14800       3       com.android.tools.r8.u.b.i0::b (30 bytes)
Event: 3554.359 Thread 0x00000000196cc000 nmethod 14800 0x0000000005f26b50 code [0x0000000005f26ce0, 0x0000000005f271a8]
Event: 3554.359 Thread 0x00000000196cc000 14789       1       com.android.tools.r8.u.b.y0::F2 (2 bytes)
Event: 3554.359 Thread 0x00000000196cc000 nmethod 14789 0x0000000005f27290 code [0x0000000005f273e0, 0x0000000005f274f0]
Event: 3554.359 Thread 0x00000000196cc000 14801       3       com.android.tools.r8.u.b.I0::F2 (14 bytes)
Event: 3554.359 Thread 0x00000000196cc000 nmethod 14801 0x0000000005f27550 code [0x0000000005f276c0, 0x0000000005f279c8]
Event: 3554.359 Thread 0x00000000196cc000 14802       1       com.android.tools.r8.u.b.h0::r2 (2 bytes)

GC Heap History (10 events):
Event: 14.105 GC heap before
{Heap before GC invocations=13 (full 3):
 PSYoungGen      total 374272K, used 18044K [0x00000000d5580000, 0x00000000edd00000, 0x0000000100000000)
  eden space 352768K, 0% used [0x00000000d5580000,0x00000000d5580000,0x00000000eae00000)
  from space 21504K, 83% used [0x00000000ec480000,0x00000000ed61f320,0x00000000ed980000)
  to   space 23040K, 0% used [0x00000000eae00000,0x00000000eae00000,0x00000000ec480000)
 ParOldGen       total 66560K, used 28596K [0x0000000080000000, 0x0000000084100000, 0x00000000d5580000)
  object space 66560K, 42% used [0x0000000080000000,0x0000000081bed0f0,0x0000000084100000)
 Metaspace       used 56990K, capacity 59106K, committed 59160K, reserved 1099776K
  class space    used 7772K, capacity 8221K, committed 8232K, reserved 1048576K
Event: 14.318 GC heap after
Heap after GC invocations=13 (full 3):
 PSYoungGen      total 374272K, used 0K [0x00000000d5580000, 0x00000000edd00000, 0x0000000100000000)
  eden space 352768K, 0% used [0x00000000d5580000,0x00000000d5580000,0x00000000eae00000)
  from space 21504K, 0% used [0x00000000ec480000,0x00000000ec480000,0x00000000ed980000)
  to   space 23040K, 0% used [0x00000000eae00000,0x00000000eae00000,0x00000000ec480000)
 ParOldGen       total 97792K, used 32039K [0x0000000080000000, 0x0000000085f80000, 0x00000000d5580000)
  object space 97792K, 32% used [0x0000000080000000,0x0000000081f49ed0,0x0000000085f80000)
 Metaspace       used 56983K, capacity 59082K, committed 59160K, reserved 1099776K
  class space    used 7770K, capacity 8217K, committed 8232K, reserved 1048576K
}
Event: 2696.061 GC heap before
{Heap before GC invocations=14 (full 3):
 PSYoungGen      total 374272K, used 352768K [0x00000000d5580000, 0x00000000edd00000, 0x0000000100000000)
  eden space 352768K, 100% used [0x00000000d5580000,0x00000000eae00000,0x00000000eae00000)
  from space 21504K, 0% used [0x00000000ec480000,0x00000000ec480000,0x00000000ed980000)
  to   space 23040K, 0% used [0x00000000eae00000,0x00000000eae00000,0x00000000ec480000)
 ParOldGen       total 97792K, used 32039K [0x0000000080000000, 0x0000000085f80000, 0x00000000d5580000)
  object space 97792K, 32% used [0x0000000080000000,0x0000000081f49ed0,0x0000000085f80000)
 Metaspace       used 75884K, capacity 79130K, committed 79256K, reserved 1118208K
  class space    used 10149K, capacity 10813K, committed 10920K, reserved 1048576K
Event: 2696.140 GC heap after
Heap after GC invocations=14 (full 3):
 PSYoungGen      total 375808K, used 23030K [0x00000000d5580000, 0x00000000f4800000, 0x0000000100000000)
  eden space 352768K, 0% used [0x00000000d5580000,0x00000000d5580000,0x00000000eae00000)
  from space 23040K, 99% used [0x00000000eae00000,0x00000000ec47d980,0x00000000ec480000)
  to   space 28672K, 0% used [0x00000000f2c00000,0x00000000f2c00000,0x00000000f4800000)
 ParOldGen       total 97792K, used 38293K [0x0000000080000000, 0x0000000085f80000, 0x00000000d5580000)
  object space 97792K, 39% used [0x0000000080000000,0x0000000082565410,0x0000000085f80000)
 Metaspace       used 75884K, capacity 79130K, committed 79256K, reserved 1118208K
  class space    used 10149K, capacity 10813K, committed 10920K, reserved 1048576K
}
Event: 3550.312 GC heap before
{Heap before GC invocations=15 (full 3):
 PSYoungGen      total 375808K, used 375798K [0x00000000d5580000, 0x00000000f4800000, 0x0000000100000000)
  eden space 352768K, 100% used [0x00000000d5580000,0x00000000eae00000,0x00000000eae00000)
  from space 23040K, 99% used [0x00000000eae00000,0x00000000ec47d980,0x00000000ec480000)
  to   space 28672K, 0% used [0x00000000f2c00000,0x00000000f2c00000,0x00000000f4800000)
 ParOldGen       total 97792K, used 38293K [0x0000000080000000, 0x0000000085f80000, 0x00000000d5580000)
  object space 97792K, 39% used [0x0000000080000000,0x0000000082565410,0x0000000085f80000)
 Metaspace       used 84173K, capacity 88058K, committed 88216K, reserved 1126400K
  class space    used 11059K, capacity 11851K, committed 11944K, reserved 1048576K
Event: 3550.351 GC heap after
Heap after GC invocations=15 (full 3):
 PSYoungGen      total 452096K, used 13430K [0x00000000d5580000, 0x00000000f3980000, 0x0000000100000000)
  eden space 438272K, 0% used [0x00000000d5580000,0x00000000d5580000,0x00000000f0180000)
  from space 13824K, 97% used [0x00000000f2c00000,0x00000000f391daa0,0x00000000f3980000)
  to   space 27648K, 0% used [0x00000000f0380000,0x00000000f0380000,0x00000000f1e80000)
 ParOldGen       total 97792K, used 54292K [0x0000000080000000, 0x0000000085f80000, 0x00000000d5580000)
  object space 97792K, 55% used [0x0000000080000000,0x00000000835050e8,0x0000000085f80000)
 Metaspace       used 84173K, capacity 88058K, committed 88216K, reserved 1126400K
  class space    used 11059K, capacity 11851K, committed 11944K, reserved 1048576K
}
Event: 3553.668 GC heap before
{Heap before GC invocations=16 (full 3):
 PSYoungGen      total 452096K, used 164447K [0x00000000d5580000, 0x00000000f3980000, 0x0000000100000000)
  eden space 438272K, 34% used [0x00000000d5580000,0x00000000de8fa3d0,0x00000000f0180000)
  from space 13824K, 97% used [0x00000000f2c00000,0x00000000f391daa0,0x00000000f3980000)
  to   space 27648K, 0% used [0x00000000f0380000,0x00000000f0380000,0x00000000f1e80000)
 ParOldGen       total 97792K, used 54292K [0x0000000080000000, 0x0000000085f80000, 0x00000000d5580000)
  object space 97792K, 55% used [0x0000000080000000,0x00000000835050e8,0x0000000085f80000)
 Metaspace       used 94078K, capacity 98470K, committed 98600K, reserved 1134592K
  class space    used 12331K, capacity 13193K, committed 13224K, reserved 1048576K
Event: 3553.703 GC heap after
Heap after GC invocations=16 (full 3):
 PSYoungGen      total 465920K, used 23402K [0x00000000d5580000, 0x00000000f3980000, 0x0000000100000000)
  eden space 438272K, 0% used [0x00000000d5580000,0x00000000d5580000,0x00000000f0180000)
  from space 27648K, 84% used [0x00000000f0380000,0x00000000f1a5ab20,0x00000000f1e80000)
  to   space 13824K, 0% used [0x00000000f2c00000,0x00000000f2c00000,0x00000000f3980000)
 ParOldGen       total 97792K, used 54300K [0x0000000080000000, 0x0000000085f80000, 0x00000000d5580000)
  object space 97792K, 55% used [0x0000000080000000,0x00000000835070e8,0x0000000085f80000)
 Metaspace       used 94078K, capacity 98470K, committed 98600K, reserved 1134592K
  class space    used 12331K, capacity 13193K, committed 13224K, reserved 1048576K
}
Event: 3553.704 GC heap before
{Heap before GC invocations=17 (full 4):
 PSYoungGen      total 465920K, used 23402K [0x00000000d5580000, 0x00000000f3980000, 0x0000000100000000)
  eden space 438272K, 0% used [0x00000000d5580000,0x00000000d5580000,0x00000000f0180000)
  from space 27648K, 84% used [0x00000000f0380000,0x00000000f1a5ab20,0x00000000f1e80000)
  to   space 13824K, 0% used [0x00000000f2c00000,0x00000000f2c00000,0x00000000f3980000)
 ParOldGen       total 97792K, used 54300K [0x0000000080000000, 0x0000000085f80000, 0x00000000d5580000)
  object space 97792K, 55% used [0x0000000080000000,0x00000000835070e8,0x0000000085f80000)
 Metaspace       used 94078K, capacity 98470K, committed 98600K, reserved 1134592K
  class space    used 12331K, capacity 13193K, committed 13224K, reserved 1048576K
Event: 3553.961 GC heap after
Heap after GC invocations=17 (full 4):
 PSYoungGen      total 465920K, used 0K [0x00000000d5580000, 0x00000000f3980000, 0x0000000100000000)
  eden space 438272K, 0% used [0x00000000d5580000,0x00000000d5580000,0x00000000f0180000)
  from space 27648K, 0% used [0x00000000f0380000,0x00000000f0380000,0x00000000f1e80000)
  to   space 13824K, 0% used [0x00000000f2c00000,0x00000000f2c00000,0x00000000f3980000)
 ParOldGen       total 141312K, used 51712K [0x0000000080000000, 0x0000000088a00000, 0x00000000d5580000)
  object space 141312K, 36% used [0x0000000080000000,0x0000000083280388,0x0000000088a00000)
 Metaspace       used 91206K, capacity 94806K, committed 98600K, reserved 1134592K
  class space    used 11898K, capacity 12604K, committed 13224K, reserved 1048576K
}

Deoptimization events (10 events):
Event: 3554.122 Thread 0x000000001e304800 Uncommon trap: reason=unstable_if action=reinterpret pc=0x0000000005dacb40 method=com.android.tools.r8.utils.W.d(I)Z @ 45
Event: 3554.122 Thread 0x000000001dfba000 Uncommon trap: reason=unstable_if action=reinterpret pc=0x0000000005dacb40 method=com.android.tools.r8.utils.W.d(I)Z @ 45
Event: 3554.123 Thread 0x000000001e304800 Uncommon trap: reason=unstable_if action=reinterpret pc=0x0000000003b525f4 method=java.lang.ref.SoftReference.get()Ljava/lang/Object; @ 6
Event: 3554.128 Thread 0x000000001dfbe800 Uncommon trap: reason=unstable_if action=reinterpret pc=0x0000000005de744c method=com.android.tools.r8.B.a.a.f.a(II[C)Ljava/lang/String; @ 32
Event: 3554.128 Thread 0x000000001dfbe800 Uncommon trap: reason=unstable_if action=reinterpret pc=0x0000000005db4c30 method=com.android.tools.r8.graph.e0.a(C)I @ 7
Event: 3554.128 Thread 0x000000001dfbe800 Uncommon trap: reason=unstable_if action=reinterpret pc=0x0000000005d83200 method=com.android.tools.r8.graph.e0.a(C[BI)I @ 7
Event: 3554.128 Thread 0x000000001dfbe800 Uncommon trap: reason=unstable_if action=reinterpret pc=0x0000000005e23de4 method=com.android.tools.r8.B.a.a.f.a(II[C)Ljava/lang/String; @ 32
Event: 3554.128 Thread 0x000000001dfbe800 Uncommon trap: reason=unstable_if action=reinterpret pc=0x0000000005dd86b4 method=com.android.tools.r8.B.a.a.f.a(II[C)Ljava/lang/String; @ 32
Event: 3554.320 Thread 0x000000001dfbe800 Uncommon trap: reason=unstable_if action=reinterpret pc=0x0000000003a19184 method=com.android.tools.r8.graph.e0.a([C)I @ 29
Event: 3554.327 Thread 0x000000001dfbe800 Uncommon trap: reason=unstable_if action=reinterpret pc=0x0000000004f18e38 method=java.util.Collections$SetFromMap.add(Ljava/lang/Object;)Z @ 13

Classes redefined (0 events):
No events

Internal exceptions (10 events):
Event: 3552.976 Thread 0x000000001e308800 Exception <a 'java/lang/NoSuchMethodError': java.lang.Object.lambda$asRunnable$0(Lcom/android/tools/build/apkzlib/utils/IOExceptionRunnable;)V> (0x00000000d6b1b878) thrown at [C:\src\AOSP-openjdk-git\hotspot\src\share\vm\interpreter\linkResolver.cpp, line
Event: 3553.063 Thread 0x000000001e308800 Exception <a 'java/lang/NoSuchMethodError': java.lang.Object.newSystemTemporaryDirectory()Lcom/android/tools/build/apkzlib/bytestorage/TemporaryDirectory;> (0x00000000dc73b3b0) thrown at [C:\src\AOSP-openjdk-git\hotspot\src\share\vm\interpreter\linkResolv
Event: 3553.294 Thread 0x000000001e2fb800 Exception <a 'java/lang/NoSuchMethodError': <clinit>> (0x00000000dd007258) thrown at [C:\src\AOSP-openjdk-git\hotspot\src\share\vm\prims\jni.cpp, line 1615]
Event: 3553.319 Thread 0x000000001dfba000 Exception <a 'java/lang/NoSuchMethodError': java.lang.Object.lambda$static$0(Ljava/lang/String;)Z> (0x00000000dd14d330) thrown at [C:\src\AOSP-openjdk-git\hotspot\src\share\vm\interpreter\linkResolver.cpp, line 620]
Event: 3553.405 Thread 0x000000001dfbe800 Exception <a 'sun/nio/fs/WindowsException'> (0x00000000dd1c49e0) thrown at [C:\src\AOSP-openjdk-git\hotspot\src\share\vm\prims\jni.cpp, line 710]
Event: 3553.967 Thread 0x000000001e308800 Implicit null exception at 0x00000000051f50e0 to 0x00000000051f8b25
Event: 3554.110 Thread 0x000000001e308800 Exception <a 'java/lang/OutOfMemoryError'> (0x00000000d690f680) thrown at [C:\src\AOSP-openjdk-git\hotspot\src\share\vm\prims\jni.cpp, line 737]
Event: 3554.204 Thread 0x000000001dfbe800 Exception <a 'java/lang/NoSuchMethodError': java.lang.Object.lambda$maxBy$1(Ljava/util/Comparator;Ljava/lang/Object;Ljava/lang/Object;)Ljava/lang/Object;> (0x00000000d72c4c38) thrown at [C:\src\AOSP-openjdk-git\hotspot\src\share\vm\interpreter\linkResolve
Event: 3554.204 Thread 0x000000001dfba000 Exception <a 'java/lang/NoSuchMethodError': java.lang.Object.lambda$maxBy$1(Ljava/util/Comparator;Ljava/lang/Object;Ljava/lang/Object;)Ljava/lang/Object;> (0x00000000d714faf8) thrown at [C:\src\AOSP-openjdk-git\hotspot\src\share\vm\interpreter\linkResolve
Event: 3554.204 Thread 0x000000001e304800 Exception <a 'java/lang/NoSuchMethodError': java.lang.Object.lambda$maxBy$1(Ljava/util/Comparator;Ljava/lang/Object;Ljava/lang/Object;)Ljava/lang/Object;> (0x00000000d72577e8) thrown at [C:\src\AOSP-openjdk-git\hotspot\src\share\vm\interpreter\linkResolve

Events (10 events):
Event: 3554.348 loading class com/android/tools/r8/s/a/a/a/v$a
Event: 3554.348 loading class com/android/tools/r8/s/a/a/a/v$a done
Event: 3554.348 loading class com/android/tools/r8/s/a/a/a/v$a
Event: 3554.348 loading class com/android/tools/r8/s/a/a/a/v$a done
Event: 3554.353 loading class com/android/tools/r8/s/a/a/a/v$a
Event: 3554.353 loading class com/android/tools/r8/s/a/a/a/v$a done
Event: 3554.359 loading class com/android/tools/r8/code/k1
Event: 3554.359 loading class com/android/tools/r8/code/k1 done
Event: 3554.359 loading class com/android/tools/r8/code/I0
Event: 3554.359 loading class com/android/tools/r8/code/I0 done


Dynamic libraries:
0x00007ff6fdae0000 - 0x00007ff6fdb11000 	E:\AndroidStudio\jre\bin\java.exe
0x00007ff944ff0000 - 0x00007ff9451d1000 	C:\windows\SYSTEM32\ntdll.dll
0x00007ff942f40000 - 0x00007ff942ff1000 	C:\windows\System32\KERNEL32.DLL
0x00007ff941960000 - 0x00007ff941bd3000 	C:\windows\System32\KERNELBASE.dll
0x00007ff942470000 - 0x00007ff942511000 	C:\windows\System32\ADVAPI32.dll
0x00007ff942520000 - 0x00007ff9425be000 	C:\windows\System32\msvcrt.dll
0x00007ff943660000 - 0x00007ff9436bb000 	C:\windows\System32\sechost.dll
0x00007ff9436f0000 - 0x00007ff943814000 	C:\windows\System32\RPCRT4.dll
0x00007ff943000000 - 0x00007ff943190000 	C:\windows\System32\USER32.dll
0x00007ff941c90000 - 0x00007ff941cb0000 	C:\windows\System32\win32u.dll
0x00007ff9436c0000 - 0x00007ff9436e8000 	C:\windows\System32\GDI32.dll
0x00007ff9417c0000 - 0x00007ff941951000 	C:\windows\System32\gdi32full.dll
0x00007ff9413b0000 - 0x00007ff94144f000 	C:\windows\System32\msvcp_win.dll
0x00007ff9416c0000 - 0x00007ff9417b8000 	C:\windows\System32\ucrtbase.dll
0x00007ff931e50000 - 0x00007ff9320b9000 	C:\windows\WinSxS\amd64_microsoft.windows.common-controls_6595b64144ccf1df_6.0.17134.1304_none_d3fbe61b7c93d9f0\COMCTL32.dll
0x00007ff943820000 - 0x00007ff943b41000 	C:\windows\System32\combase.dll
0x00007ff941640000 - 0x00007ff9416b9000 	C:\windows\System32\bcryptPrimitives.dll
0x00007ff9432f0000 - 0x00007ff94331d000 	C:\windows\System32\IMM32.DLL
0x000000005bf50000 - 0x000000005c022000 	E:\AndroidStudio\jre\jre\bin\msvcr100.dll
0x000000005c030000 - 0x000000005c87b000 	E:\AndroidStudio\jre\jre\bin\server\jvm.dll
0x00007ff942f30000 - 0x00007ff942f38000 	C:\windows\System32\PSAPI.DLL
0x00007ff926bc0000 - 0x00007ff926bc9000 	C:\windows\SYSTEM32\WSOCK32.dll
0x00007ff93f090000 - 0x00007ff93f0b3000 	C:\windows\SYSTEM32\WINMM.dll
0x00007ff935160000 - 0x00007ff93516a000 	C:\windows\SYSTEM32\VERSION.dll
0x00007ff943320000 - 0x00007ff94338c000 	C:\windows\System32\WS2_32.dll
0x00007ff93f060000 - 0x00007ff93f08a000 	C:\windows\SYSTEM32\winmmbase.dll
0x00007ff941cb0000 - 0x00007ff941cf9000 	C:\windows\System32\cfgmgr32.dll
0x00007ff93db80000 - 0x00007ff93db8f000 	E:\AndroidStudio\jre\jre\bin\verify.dll
0x00007ff93db00000 - 0x00007ff93db29000 	E:\AndroidStudio\jre\jre\bin\java.dll
0x00007ff932410000 - 0x00007ff932426000 	E:\AndroidStudio\jre\jre\bin\zip.dll
0x00007ff943b60000 - 0x00007ff944fa5000 	C:\windows\System32\SHELL32.dll
0x00007ff942740000 - 0x00007ff9427e9000 	C:\windows\System32\shcore.dll
0x00007ff941d00000 - 0x00007ff942410000 	C:\windows\System32\windows.storage.dll
0x00007ff942ed0000 - 0x00007ff942f21000 	C:\windows\System32\shlwapi.dll
0x00007ff941390000 - 0x00007ff9413a1000 	C:\windows\System32\kernel.appcore.dll
0x00007ff941360000 - 0x00007ff94137f000 	C:\windows\System32\profapi.dll
0x00007ff9412f0000 - 0x00007ff94133c000 	C:\windows\System32\powrprof.dll
0x00007ff941380000 - 0x00007ff94138a000 	C:\windows\System32\FLTLIB.DLL
0x00007ff932260000 - 0x00007ff93227a000 	E:\AndroidStudio\jre\jre\bin\net.dll
0x00007ff940b10000 - 0x00007ff940b76000 	C:\windows\system32\mswsock.dll
0x00007ff931280000 - 0x00007ff931293000 	E:\AndroidStudio\jre\jre\bin\nio.dll
0x00007ff924140000 - 0x00007ff924166000 	C:\Users\wangyahui\.gradle\native\31\windows-amd64\native-platform.dll
0x00007ff93db70000 - 0x00007ff93db7d000 	E:\AndroidStudio\jre\jre\bin\management.dll
0x00007ff940cc0000 - 0x00007ff940cd7000 	C:\windows\SYSTEM32\CRYPTSP.dll
0x00007ff9406c0000 - 0x00007ff9406f3000 	C:\windows\system32\rsaenh.dll
0x00007ff940df0000 - 0x00007ff940e15000 	C:\windows\SYSTEM32\bcrypt.dll
0x00007ff9411f0000 - 0x00007ff941218000 	C:\windows\SYSTEM32\USERENV.dll
0x00007ff940ce0000 - 0x00007ff940ceb000 	C:\windows\SYSTEM32\CRYPTBASE.dll
0x00007ff940860000 - 0x00007ff940898000 	C:\windows\SYSTEM32\IPHLPAPI.DLL
0x00007ff944fb0000 - 0x00007ff944fb8000 	C:\windows\System32\NSI.dll
0x00007ff932980000 - 0x00007ff932996000 	C:\windows\SYSTEM32\dhcpcsvc6.DLL
0x00007ff932a30000 - 0x00007ff932a4a000 	C:\windows\SYSTEM32\dhcpcsvc.DLL
0x00007ff917390000 - 0x00007ff91752c000 	E:\AndroidStudio\jre\jre\bin\awt.dll
0x00007ff943390000 - 0x00007ff943452000 	C:\windows\System32\OLEAUT32.dll
0x00007ff93f6b0000 - 0x00007ff93f6d9000 	C:\windows\SYSTEM32\dwmapi.dll
0x00007ff93e4d0000 - 0x00007ff93ea97000 	C:\windows\SYSTEM32\d2d1.dll
0x00007ff93f2a0000 - 0x00007ff93f32b000 	C:\windows\SYSTEM32\apphelp.dll
0x00007ff93f410000 - 0x00007ff93f4a8000 	C:\windows\system32\uxtheme.dll

VM Arguments:
jvm_args: -Xmx2048m -Dfile.encoding=GBK -Duser.country=CN -Duser.language=zh -Duser.variant 
java_command: org.gradle.launcher.daemon.bootstrap.GradleDaemon 6.1.1
java_class_path (initial): C:\Users\wangyahui\.gradle\wrapper\dists\gradle-6.1.1-all\cfmwm155h49vnt3hynmlrsdst\gradle-6.1.1\lib\gradle-launcher-6.1.1.jar
Launcher Type: SUN_STANDARD

Environment Variables:
JAVA_HOME=E:\Java\jdk1.8.0_241
PATH=C:\Program Files (x86)\Intel\iCLS Client\;C:\Program Files\Intel\iCLS Client\;C:\windows\system32;C:\windows;C:\windows\System32\Wbem;C:\windows\System32\WindowsPowerShell\v1.0\;C:\windows\System32\OpenSSH\;E:\Git\cmd;E:\platform-tools;C:\Program Files (x86)\GtkSharp\2.12\bin;E:\Java\jdk1.8.0_241\bin;E:\python_32\Scripts\;E:\python_32\;C:\Users\wangyahui\AppData\Local\Microsoft\WindowsApps;;E:\PyCharm 2019.3\bin;
USERNAME=wangyahui
OS=Windows_NT
PROCESSOR_IDENTIFIER=Intel64 Family 6 Model 142 Stepping 9, GenuineIntel



---------------  S Y S T E M  ---------------

OS: Windows 10.0 , 64 bit Build 17134 (10.0.17134.753)

CPU:total 4 (initial active 4) (2 cores per cpu, 2 threads per core) family 6 model 142 stepping 9, cmov, cx8, fxsr, mmx, sse, sse2, sse3, ssse3, sse4.1, sse4.2, popcnt, avx, avx2, aes, clmul, erms, rtm, 3dnowpref, lzcnt, ht, tsc, tscinvbit, bmi1, bmi2, adx

Memory: 4k page, physical 8250588k(848984k free), swap 8250588k(2340k free)

vm_info: OpenJDK 64-Bit Server VM (25.242-b01) for windows-amd64 JRE (1.8.0_242-release-1644-b01), built by "builder" with MS VC++ 10.0 (VS2010)

time: Mon Jun 08 13:48:01 2020
timezone: 中国标准时间
elapsed time: 3554 seconds (0d 0h 59m 14s)

